<?xml version="1.0" encoding="UTF-8"?>
<!-- Generated by org.testng.reporters.JUnitReportReporter -->
<testsuite hostname="xenonadminsAir5" failures="0" tests="1" name="com.rx.qa.testcases.loginPageTest" time="11.698" errors="0" timestamp="2024-06-16T16:57:38 IST" skipped="0">
  <testcase classname="com.rx.qa.testcases.loginPageTest" name="loginTest" time="11.698"/>
</testsuite> <!-- com.rx.qa.testcases.loginPageTest -->
